04/25/2023 06:53:02 PM Sorting audio files by 3 emotions
04/25/2023 06:53:02 PM Normalizing dataset using MinMaxScaler
04/25/2023 06:53:02 PM Split train and validation dataset (80% - 20%)
04/25/2023 06:53:04 PM Selected features [23] (svc): Loudness_sma3, alphaRatio_sma3, hammarbergIndex_sma3, slope0-500_sma3, slope500-1500_sma3, spectralFlux_sma3, mfcc1_sma3, mfcc2_sma3, mfcc3_sma3, mfcc4_sma3, jitterLocal_sma3nz, shimmerLocaldB_sma3nz, HNRdBACF_sma3nz, logRelF0-H1-H2_sma3nz, logRelF0-H1-A3_sma3nz, F1frequency_sma3nz, F1bandwidth_sma3nz, F1amplitudeLogRelF0_sma3nz, F2bandwidth_sma3nz, F2amplitudeLogRelF0_sma3nz, F3frequency_sma3nz, F3amplitudeLogRelF0_sma3nz, pcm_RMSenergy_sma
04/25/2023 06:53:04 PM Best hyper parameters (svc): {"C": 1, "cache_size": 4096, "gamma": "scale", "kernel": "rbf", "probability": true, "tol": 0.01}
04/25/2023 06:53:04 PM Accuracy (svc): 0.896551724137931
04/25/2023 06:53:04 PM F1 Score (svc): 0.8782635467980294
04/25/2023 06:53:04 PM Confusion Matrix: (svc): 
[[11  0  0]
 [ 0 37  0]
 [ 0  6  4]]
04/25/2023 06:53:04 PM Classification report: (svc): 
              precision    recall  f1-score   support

           0       1.00      1.00      1.00        11
           1       0.86      1.00      0.92        37
           2       1.00      0.40      0.57        10

    accuracy                           0.90        58
   macro avg       0.95      0.80      0.83        58
weighted avg       0.91      0.90      0.88        58

04/25/2023 06:53:04 PM Sorting audio files by 3 emotions
04/25/2023 06:53:04 PM Normalizing dataset using MinMaxScaler
04/25/2023 06:53:04 PM Split train and validation dataset (80% - 20%)
04/25/2023 06:53:04 PM Selected features [23] (nn): Loudness_sma3, alphaRatio_sma3, hammarbergIndex_sma3, slope0-500_sma3, slope500-1500_sma3, spectralFlux_sma3, mfcc1_sma3, mfcc2_sma3, mfcc3_sma3, mfcc4_sma3, jitterLocal_sma3nz, shimmerLocaldB_sma3nz, HNRdBACF_sma3nz, logRelF0-H1-H2_sma3nz, logRelF0-H1-A3_sma3nz, F1frequency_sma3nz, F1bandwidth_sma3nz, F1amplitudeLogRelF0_sma3nz, F2bandwidth_sma3nz, F2amplitudeLogRelF0_sma3nz, F3frequency_sma3nz, F3amplitudeLogRelF0_sma3nz, pcm_RMSenergy_sma
04/25/2023 06:53:28 PM Best hyper parameters (nn): {"solver": "adam", "max_iter": 4000, "learning_rate": "invscaling", "hidden_layer_sizes": [20, 20], "alpha": 0.01, "activation": "relu"}
04/25/2023 06:53:28 PM Accuracy (nn): 0.9310344827586207
04/25/2023 06:53:28 PM F1 Score (nn): 0.9241821396993811
04/25/2023 06:53:28 PM Confusion Matrix: (nn): 
[[11  0  0]
 [ 0 37  0]
 [ 0  4  6]]
04/25/2023 06:53:28 PM Classification report: (nn): 
              precision    recall  f1-score   support

           0       1.00      1.00      1.00        11
           1       0.90      1.00      0.95        37
           2       1.00      0.60      0.75        10

    accuracy                           0.93        58
   macro avg       0.97      0.87      0.90        58
weighted avg       0.94      0.93      0.92        58

04/25/2023 06:53:28 PM Sorting audio files by 3 emotions
04/25/2023 06:53:28 PM Normalizing dataset using MinMaxScaler
04/25/2023 06:53:28 PM Split train and validation dataset (80% - 20%)
04/25/2023 06:53:28 PM Selected features [32] (dt): Loudness_sma3, alphaRatio_sma3, hammarbergIndex_sma3, slope0-500_sma3, slope500-1500_sma3, spectralFlux_sma3, mfcc1_sma3, mfcc2_sma3, mfcc3_sma3, mfcc4_sma3, F0semitoneFrom27.5Hz_sma3nz, jitterLocal_sma3nz, shimmerLocaldB_sma3nz, HNRdBACF_sma3nz, logRelF0-H1-H2_sma3nz, logRelF0-H1-A3_sma3nz, F1frequency_sma3nz, F1bandwidth_sma3nz, F1amplitudeLogRelF0_sma3nz, F2frequency_sma3nz, F2bandwidth_sma3nz, F2amplitudeLogRelF0_sma3nz, F3frequency_sma3nz, F3bandwidth_sma3nz, F3amplitudeLogRelF0_sma3nz, pcm_zcr_sma, pcm_RMSenergy_sma, pcm_fftMag_spectralCentroid_sma, pcm_fftMag_spectralRollOff25.0_sma, pcm_fftMag_spectralRollOff50.0_sma, pcm_fftMag_spectralRollOff75.0_sma, pcm_fftMag_spectralRollOff90.0_sma
04/25/2023 06:53:28 PM Best hyper parameters (dt): {"class_weight": "balanced", "criterion": "gini", "max_depth": 10, "max_features": "sqrt", "splitter": "best"}
04/25/2023 06:53:28 PM Accuracy (dt): 0.7586206896551724
04/25/2023 06:53:28 PM F1 Score (dt): 0.7426724137931033
04/25/2023 06:53:28 PM Confusion Matrix: (dt): 
[[ 8  3  0]
 [ 1 33  3]
 [ 0  7  3]]
04/25/2023 06:53:28 PM Classification report: (dt): 
              precision    recall  f1-score   support

           0       0.89      0.73      0.80        11
           1       0.77      0.89      0.82        37
           2       0.50      0.30      0.37        10

    accuracy                           0.76        58
   macro avg       0.72      0.64      0.67        58
weighted avg       0.74      0.76      0.74        58

04/25/2023 06:53:28 PM Sorting audio files by 5 emotions
04/25/2023 06:53:28 PM Normalizing dataset using MinMaxScaler
04/25/2023 06:53:28 PM Split train and validation dataset (80% - 20%)
04/25/2023 06:53:29 PM Selected features [19] (svc): alphaRatio_sma3, hammarbergIndex_sma3, slope0-500_sma3, slope500-1500_sma3, spectralFlux_sma3, mfcc1_sma3, mfcc2_sma3, mfcc3_sma3, mfcc4_sma3, F0semitoneFrom27.5Hz_sma3nz, shimmerLocaldB_sma3nz, HNRdBACF_sma3nz, logRelF0-H1-H2_sma3nz, F1frequency_sma3nz, F2amplitudeLogRelF0_sma3nz, F3frequency_sma3nz, F3bandwidth_sma3nz, F3amplitudeLogRelF0_sma3nz, pcm_RMSenergy_sma
04/25/2023 06:53:29 PM Best hyper parameters (svc): {"C": 1, "cache_size": 4096, "gamma": "scale", "kernel": "rbf", "probability": true, "tol": 0.01}
04/25/2023 06:53:29 PM Accuracy (svc): 0.7291666666666666
04/25/2023 06:53:29 PM F1 Score (svc): 0.7340532036613272
04/25/2023 06:53:29 PM Confusion Matrix: (svc): 
[[6 3 1 0 0]
 [0 8 1 0 0]
 [0 2 5 0 2]
 [0 0 0 9 1]
 [0 1 2 0 7]]
04/25/2023 06:53:29 PM Classification report: (svc): 
              precision    recall  f1-score   support

           0       1.00      0.60      0.75        10
           1       0.57      0.89      0.70         9
           2       0.56      0.56      0.56         9
           3       1.00      0.90      0.95        10
           4       0.70      0.70      0.70        10

    accuracy                           0.73        48
   macro avg       0.77      0.73      0.73        48
weighted avg       0.77      0.73      0.73        48

04/25/2023 06:53:29 PM Sorting audio files by 5 emotions
04/25/2023 06:53:29 PM Normalizing dataset using MinMaxScaler
04/25/2023 06:53:29 PM Split train and validation dataset (80% - 20%)
04/25/2023 06:53:29 PM Selected features [19] (nn): alphaRatio_sma3, hammarbergIndex_sma3, slope0-500_sma3, slope500-1500_sma3, spectralFlux_sma3, mfcc1_sma3, mfcc2_sma3, mfcc3_sma3, mfcc4_sma3, F0semitoneFrom27.5Hz_sma3nz, shimmerLocaldB_sma3nz, HNRdBACF_sma3nz, logRelF0-H1-H2_sma3nz, F1frequency_sma3nz, F2amplitudeLogRelF0_sma3nz, F3frequency_sma3nz, F3bandwidth_sma3nz, F3amplitudeLogRelF0_sma3nz, pcm_RMSenergy_sma
04/25/2023 06:54:05 PM Best hyper parameters (nn): {"solver": "adam", "max_iter": 10000, "learning_rate": "invscaling", "hidden_layer_sizes": [20, 20], "alpha": 1, "activation": "relu"}
04/25/2023 06:54:05 PM Accuracy (nn): 0.7708333333333334
04/25/2023 06:54:05 PM F1 Score (nn): 0.7726608187134502
04/25/2023 06:54:05 PM Confusion Matrix: (nn): 
[[7 2 1 0 0]
 [1 8 0 0 0]
 [0 0 6 0 3]
 [0 0 0 9 1]
 [1 0 2 0 7]]
04/25/2023 06:54:05 PM Classification report: (nn): 
              precision    recall  f1-score   support

           0       0.78      0.70      0.74        10
           1       0.80      0.89      0.84         9
           2       0.67      0.67      0.67         9
           3       1.00      0.90      0.95        10
           4       0.64      0.70      0.67        10

    accuracy                           0.77        48
   macro avg       0.78      0.77      0.77        48
weighted avg       0.78      0.77      0.77        48

04/25/2023 06:54:05 PM Sorting audio files by 5 emotions
04/25/2023 06:54:05 PM Normalizing dataset using MinMaxScaler
04/25/2023 06:54:05 PM Split train and validation dataset (80% - 20%)
04/25/2023 06:54:05 PM Selected features [32] (dt): Loudness_sma3, alphaRatio_sma3, hammarbergIndex_sma3, slope0-500_sma3, slope500-1500_sma3, spectralFlux_sma3, mfcc1_sma3, mfcc2_sma3, mfcc3_sma3, mfcc4_sma3, F0semitoneFrom27.5Hz_sma3nz, jitterLocal_sma3nz, shimmerLocaldB_sma3nz, HNRdBACF_sma3nz, logRelF0-H1-H2_sma3nz, logRelF0-H1-A3_sma3nz, F1frequency_sma3nz, F1bandwidth_sma3nz, F1amplitudeLogRelF0_sma3nz, F2frequency_sma3nz, F2bandwidth_sma3nz, F2amplitudeLogRelF0_sma3nz, F3frequency_sma3nz, F3bandwidth_sma3nz, F3amplitudeLogRelF0_sma3nz, pcm_zcr_sma, pcm_RMSenergy_sma, pcm_fftMag_spectralCentroid_sma, pcm_fftMag_spectralRollOff25.0_sma, pcm_fftMag_spectralRollOff50.0_sma, pcm_fftMag_spectralRollOff75.0_sma, pcm_fftMag_spectralRollOff90.0_sma
04/25/2023 06:54:05 PM Best hyper parameters (dt): {"class_weight": "balanced", "criterion": "gini", "max_depth": null, "max_features": "sqrt", "splitter": "best"}
04/25/2023 06:54:05 PM Accuracy (dt): 0.4791666666666667
04/25/2023 06:54:05 PM F1 Score (dt): 0.48229847494553385
04/25/2023 06:54:05 PM Confusion Matrix: (dt): 
[[5 3 2 0 0]
 [1 5 2 0 1]
 [1 2 3 0 3]
 [3 0 0 7 0]
 [4 1 1 1 3]]
04/25/2023 06:54:05 PM Classification report: (dt): 
              precision    recall  f1-score   support

           0       0.36      0.50      0.42        10
           1       0.45      0.56      0.50         9
           2       0.38      0.33      0.35         9
           3       0.88      0.70      0.78        10
           4       0.43      0.30      0.35        10

    accuracy                           0.48        48
   macro avg       0.50      0.48      0.48        48
weighted avg       0.50      0.48      0.48        48

