05/07/2023 08:30:00 AM Sorting iesc_child audio files by 3 emotions
05/07/2023 08:38:44 PM Normalizing dataset using MinMaxScaler
05/07/2023 08:38:44 PM Split train and validation dataset (80% - 20%)
05/07/2023 08:38:48 PM Selected features [30] (svc): Loudness_sma3, alphaRatio_sma3, hammarbergIndex_sma3, slope0-500_sma3, slope500-1500_sma3, spectralFlux_sma3, mfcc1_sma3, mfcc3_sma3, mfcc4_sma3, F0semitoneFrom27.5Hz_sma3nz, jitterLocal_sma3nz, shimmerLocaldB_sma3nz, HNRdBACF_sma3nz, logRelF0-H1-H2_sma3nz, logRelF0-H1-A3_sma3nz, F1frequency_sma3nz, F1bandwidth_sma3nz, F2frequency_sma3nz, F2bandwidth_sma3nz, F2amplitudeLogRelF0_sma3nz, F3frequency_sma3nz, F3bandwidth_sma3nz, F3amplitudeLogRelF0_sma3nz, pcm_zcr_sma, pcm_RMSenergy_sma, pcm_fftMag_spectralCentroid_sma, pcm_fftMag_spectralRollOff25.0_sma, pcm_fftMag_spectralRollOff50.0_sma, pcm_fftMag_spectralRollOff75.0_sma, pcm_fftMag_spectralRollOff90.0_sma
05/07/2023 08:39:37 PM Best hyper parameters (svc): {"C": 1, "cache_size": 4096, "gamma": "scale", "kernel": "poly", "probability": true, "tol": 0.01}
05/07/2023 08:39:37 PM Accuracy (svc): 0.6353211009174312
05/07/2023 08:39:37 PM F1 Score (svc): 0.6094776624929414
05/07/2023 08:39:37 PM Confusion Matrix: (svc): 
[[104  34   7]
 [ 26 149  10]
 [ 10  72  24]]
05/07/2023 08:39:37 PM Classification report: (svc): 
              precision    recall  f1-score   support

           0       0.74      0.72      0.73       145
           1       0.58      0.81      0.68       185
           2       0.59      0.23      0.33       106

    accuracy                           0.64       436
   macro avg       0.64      0.58      0.58       436
weighted avg       0.64      0.64      0.61       436

05/07/2023 08:39:37 PM AUC: 0.8014987239558922
