05/04/2023 12:45:57 PM Sorting iesc_child audio files by 3 emotions
05/04/2023 12:45:58 PM Normalizing dataset using MinMaxScaler
05/04/2023 12:45:58 PM Using discretization with KBinsDiscretizer
05/04/2023 12:45:58 PM Split train and validation dataset (70% - 30%)
05/04/2023 12:46:25 PM Selected features [32] (nn): Loudness_sma3, alphaRatio_sma3, hammarbergIndex_sma3, slope0-500_sma3, slope500-1500_sma3, spectralFlux_sma3, mfcc1_sma3, mfcc2_sma3, mfcc3_sma3, mfcc4_sma3, F0semitoneFrom27.5Hz_sma3nz, jitterLocal_sma3nz, shimmerLocaldB_sma3nz, HNRdBACF_sma3nz, logRelF0-H1-H2_sma3nz, logRelF0-H1-A3_sma3nz, F1frequency_sma3nz, F1bandwidth_sma3nz, F1amplitudeLogRelF0_sma3nz, F2frequency_sma3nz, F2bandwidth_sma3nz, F2amplitudeLogRelF0_sma3nz, F3frequency_sma3nz, F3bandwidth_sma3nz, F3amplitudeLogRelF0_sma3nz, pcm_zcr_sma, pcm_RMSenergy_sma, pcm_fftMag_spectralCentroid_sma, pcm_fftMag_spectralRollOff25.0_sma, pcm_fftMag_spectralRollOff50.0_sma, pcm_fftMag_spectralRollOff75.0_sma, pcm_fftMag_spectralRollOff90.0_sma
05/04/2023 01:12:52 PM Best hyper parameters (nn): {"solver": "sgd", "max_iter": 500000, "learning_rate": "adaptive", "hidden_layer_sizes": 20, "alpha": 1, "activation": "tanh"}
05/04/2023 01:12:52 PM Accuracy (nn): 0.6601416853094706
05/04/2023 01:12:52 PM F1 Score (nn): 0.5782767926197847
05/04/2023 01:12:52 PM Confusion Matrix: (nn): 
[[ 266    0 1196]
 [  21    0  445]
 [ 161    0 3275]]
05/04/2023 01:12:52 PM Classification report: (nn): 
              precision    recall  f1-score   support

           0       0.59      0.18      0.28      1462
           1       0.00      0.00      0.00       466
           2       0.67      0.95      0.78      3436

    accuracy                           0.66      5364
   macro avg       0.42      0.38      0.35      5364
weighted avg       0.59      0.66      0.58      5364

05/04/2023 01:12:52 PM AUC: 0.67929392011767
