05/07/2023 10:11:47 PM Sorting iesc_child audio files by 3 emotions
05/07/2023 10:11:47 PM Normalizing dataset using MinMaxScaler
05/07/2023 10:11:47 PM Split train and validation dataset (70% - 30%)
05/07/2023 10:11:49 PM Selected features [25] (svc): Loudness_sma3, alphaRatio_sma3, slope0-500_sma3, spectralFlux_sma3, mfcc1_sma3, mfcc3_sma3, mfcc4_sma3, F0semitoneFrom27.5Hz_sma3nz, HNRdBACF_sma3nz, logRelF0-H1-H2_sma3nz, logRelF0-H1-A3_sma3nz, F1frequency_sma3nz, F1bandwidth_sma3nz, F2frequency_sma3nz, F2bandwidth_sma3nz, F2amplitudeLogRelF0_sma3nz, F3frequency_sma3nz, F3bandwidth_sma3nz, F3amplitudeLogRelF0_sma3nz, pcm_RMSenergy_sma, pcm_fftMag_spectralCentroid_sma, pcm_fftMag_spectralRollOff25.0_sma, pcm_fftMag_spectralRollOff50.0_sma, pcm_fftMag_spectralRollOff75.0_sma, pcm_fftMag_spectralRollOff90.0_sma
05/07/2023 10:12:16 PM Best hyper parameters (svc): {"C": 1, "cache_size": 4096, "gamma": "scale", "kernel": "poly", "probability": true, "tol": 0.01}
05/07/2023 10:12:16 PM Accuracy (svc): 0.6545768566493955
05/07/2023 10:12:16 PM F1 Score (svc): 0.6502231342401608
05/07/2023 10:12:16 PM Confusion Matrix: (svc): 
[[166  31  13]
 [ 33 142  43]
 [ 27  53  71]]
05/07/2023 10:12:16 PM Classification report: (svc): 
              precision    recall  f1-score   support

           0       0.73      0.79      0.76       210
           1       0.63      0.65      0.64       218
           2       0.56      0.47      0.51       151

    accuracy                           0.65       579
   macro avg       0.64      0.64      0.64       579
weighted avg       0.65      0.65      0.65       579

05/07/2023 10:12:16 PM AUC: 0.8170814525998084
