05/06/2023 03:45:58 PM Sorting iesc_child audio files by 3 emotions
05/07/2023 05:55:37 AM Normalizing dataset using MinMaxScaler
05/07/2023 05:55:37 AM Split train and validation dataset (80% - 20%)
05/07/2023 05:55:46 AM Selected features [23] (svc): Loudness_sma3, hammarbergIndex_sma3, slope0-500_sma3, slope500-1500_sma3, spectralFlux_sma3, mfcc1_sma3, mfcc4_sma3, F0semitoneFrom27.5Hz_sma3nz, jitterLocal_sma3nz, HNRdBACF_sma3nz, logRelF0-H1-H2_sma3nz, logRelF0-H1-A3_sma3nz, F1frequency_sma3nz, F1bandwidth_sma3nz, F2frequency_sma3nz, F3frequency_sma3nz, F3bandwidth_sma3nz, F3amplitudeLogRelF0_sma3nz, pcm_RMSenergy_sma, pcm_fftMag_spectralCentroid_sma, pcm_fftMag_spectralRollOff25.0_sma, pcm_fftMag_spectralRollOff75.0_sma, pcm_fftMag_spectralRollOff90.0_sma
05/07/2023 06:04:41 AM Best hyper parameters (svc): {"C": 1, "cache_size": 4096, "gamma": "scale", "kernel": "poly", "probability": true, "tol": 0.01}
05/07/2023 06:04:41 AM Accuracy (svc): 0.5932098765432099
05/07/2023 06:04:41 AM F1 Score (svc): 0.539798065672368
05/07/2023 06:04:41 AM Confusion Matrix: (svc): 
[[695   7 112]
 [161  15 119]
 [251   9 251]]
05/07/2023 06:04:41 AM Classification report: (svc): 
              precision    recall  f1-score   support

           0       0.63      0.85      0.72       814
           1       0.48      0.05      0.09       295
           2       0.52      0.49      0.51       511

    accuracy                           0.59      1620
   macro avg       0.54      0.47      0.44      1620
weighted avg       0.57      0.59      0.54      1620

05/07/2023 06:04:41 AM AUC: 0.7326233394161946
