05/04/2023 02:14:10 PM Sorting iesc_child audio files by 3 emotions
05/04/2023 02:14:10 PM Normalizing dataset using MinMaxScaler
05/04/2023 02:14:11 PM Using discretization with KBinsDiscretizer
05/04/2023 02:14:11 PM Split train and validation dataset (70% - 30%)
05/04/2023 02:14:22 PM Selected features [24] (nn): Loudness_sma3, hammarbergIndex_sma3, slope500-1500_sma3, mfcc1_sma3, mfcc2_sma3, mfcc3_sma3, mfcc4_sma3, F0semitoneFrom27.5Hz_sma3nz, jitterLocal_sma3nz, shimmerLocaldB_sma3nz, logRelF0-H1-H2_sma3nz, logRelF0-H1-A3_sma3nz, F1frequency_sma3nz, F1bandwidth_sma3nz, F1amplitudeLogRelF0_sma3nz, F2frequency_sma3nz, F2amplitudeLogRelF0_sma3nz, F3frequency_sma3nz, F3bandwidth_sma3nz, F3amplitudeLogRelF0_sma3nz, pcm_zcr_sma, pcm_RMSenergy_sma, pcm_fftMag_spectralCentroid_sma, pcm_fftMag_spectralRollOff25.0_sma
05/04/2023 02:33:35 PM Best hyper parameters (nn): {"solver": "sgd", "max_iter": 100000, "learning_rate": "adaptive", "hidden_layer_sizes": [20, 20], "alpha": 0.01, "activation": "relu"}
05/04/2023 02:33:35 PM Accuracy (nn): 0.6504474272930649
05/04/2023 02:33:35 PM F1 Score (nn): 0.5489971612724306
05/04/2023 02:33:35 PM Confusion Matrix: (nn): 
[[ 152    0 1310]
 [  18    0  448]
 [  99    0 3337]]
05/04/2023 02:33:35 PM Classification report: (nn): 
              precision    recall  f1-score   support

           0       0.57      0.10      0.18      1462
           1       0.00      0.00      0.00       466
           2       0.65      0.97      0.78      3436

    accuracy                           0.65      5364
   macro avg       0.41      0.36      0.32      5364
weighted avg       0.57      0.65      0.55      5364

05/04/2023 02:33:35 PM AUC: 0.6420631930910147
