05/06/2023 08:22:46 AM Sorting iesc_child audio files by 3 emotions
05/06/2023 08:22:47 AM Normalizing dataset using MinMaxScaler
05/06/2023 08:22:47 AM Split train and validation dataset (70% - 30%)
05/06/2023 08:22:49 AM Selected features [25] (nn): Loudness_sma3, alphaRatio_sma3, slope0-500_sma3, spectralFlux_sma3, mfcc1_sma3, mfcc3_sma3, mfcc4_sma3, F0semitoneFrom27.5Hz_sma3nz, HNRdBACF_sma3nz, logRelF0-H1-H2_sma3nz, logRelF0-H1-A3_sma3nz, F1frequency_sma3nz, F1bandwidth_sma3nz, F2frequency_sma3nz, F2bandwidth_sma3nz, F2amplitudeLogRelF0_sma3nz, F3frequency_sma3nz, F3bandwidth_sma3nz, F3amplitudeLogRelF0_sma3nz, pcm_RMSenergy_sma, pcm_fftMag_spectralCentroid_sma, pcm_fftMag_spectralRollOff25.0_sma, pcm_fftMag_spectralRollOff50.0_sma, pcm_fftMag_spectralRollOff75.0_sma, pcm_fftMag_spectralRollOff90.0_sma
05/06/2023 08:37:26 AM Best hyper parameters (nn): {"solver": "lbfgs", "max_iter": 1000000, "learning_rate": "constant", "hidden_layer_sizes": 20, "alpha": 1, "activation": "tanh"}
05/06/2023 08:37:26 AM Accuracy (nn): 0.6390328151986183
05/06/2023 08:37:26 AM F1 Score (nn): 0.6350621401571416
05/06/2023 08:37:26 AM Confusion Matrix: (nn): 
[[165  32  13]
 [ 37 134  47]
 [ 25  55  71]]
05/06/2023 08:37:26 AM Classification report: (nn): 
              precision    recall  f1-score   support

           0       0.73      0.79      0.76       210
           1       0.61      0.61      0.61       218
           2       0.54      0.47      0.50       151

    accuracy                           0.64       579
   macro avg       0.63      0.62      0.62       579
weighted avg       0.63      0.64      0.64       579

05/06/2023 08:37:26 AM AUC: 0.814798150821801
