05/04/2023 11:56:20 AM Sorting iesc_child audio files by 3 emotions
05/04/2023 11:56:20 AM Normalizing dataset using MinMaxScaler
05/04/2023 11:56:21 AM Using discretization with KBinsDiscretizer
05/04/2023 11:56:21 AM Split train and validation dataset (80% - 20%)
05/04/2023 11:56:49 AM Selected features [24] (nn): Loudness_sma3, hammarbergIndex_sma3, slope500-1500_sma3, spectralFlux_sma3, mfcc1_sma3, mfcc2_sma3, mfcc3_sma3, mfcc4_sma3, F0semitoneFrom27.5Hz_sma3nz, shimmerLocaldB_sma3nz, HNRdBACF_sma3nz, logRelF0-H1-H2_sma3nz, logRelF0-H1-A3_sma3nz, F1bandwidth_sma3nz, F1amplitudeLogRelF0_sma3nz, F2frequency_sma3nz, F2amplitudeLogRelF0_sma3nz, F3frequency_sma3nz, F3bandwidth_sma3nz, pcm_zcr_sma, pcm_fftMag_spectralCentroid_sma, pcm_fftMag_spectralRollOff50.0_sma, pcm_fftMag_spectralRollOff75.0_sma, pcm_fftMag_spectralRollOff90.0_sma
05/04/2023 12:27:12 PM Best hyper parameters (nn): {"solver": "sgd", "max_iter": 500000, "learning_rate": "adaptive", "hidden_layer_sizes": 20, "alpha": 1, "activation": "tanh"}
05/04/2023 12:27:12 PM Accuracy (nn): 0.6535234899328859
05/04/2023 12:27:12 PM F1 Score (nn): 0.5658078352535489
05/04/2023 12:27:12 PM Confusion Matrix: (nn): 
[[ 142    0  823]
 [   8    0  299]
 [ 109    0 2195]]
05/04/2023 12:27:12 PM Classification report: (nn): 
              precision    recall  f1-score   support

           0       0.55      0.15      0.23       965
           1       0.00      0.00      0.00       307
           2       0.66      0.95      0.78      2304

    accuracy                           0.65      3576
   macro avg       0.40      0.37      0.34      3576
weighted avg       0.57      0.65      0.57      3576

05/04/2023 12:27:12 PM AUC: 0.6671499929853307
