05/03/2023 08:49:30 PM Sorting iesc_child audio files by 3 emotions
05/03/2023 08:49:30 PM Using discretization with KBinsDiscretizer
05/03/2023 08:49:30 PM Normalizing dataset using MinMaxScaler
05/03/2023 08:49:30 PM Split train and validation dataset (80% - 20%)
05/03/2023 08:49:41 PM Selected features [22] (svc): Loudness_sma3, alphaRatio_sma3, hammarbergIndex_sma3, slope500-1500_sma3, spectralFlux_sma3, mfcc1_sma3, mfcc3_sma3, mfcc4_sma3, F0semitoneFrom27.5Hz_sma3nz, jitterLocal_sma3nz, shimmerLocaldB_sma3nz, HNRdBACF_sma3nz, F1bandwidth_sma3nz, F2frequency_sma3nz, F3frequency_sma3nz, F3bandwidth_sma3nz, F3amplitudeLogRelF0_sma3nz, pcm_zcr_sma, pcm_fftMag_spectralCentroid_sma, pcm_fftMag_spectralRollOff25.0_sma, pcm_fftMag_spectralRollOff50.0_sma, pcm_fftMag_spectralRollOff90.0_sma
05/03/2023 09:52:38 PM Best hyper parameters (svc): {"C": 1, "cache_size": 4096, "gamma": "scale", "kernel": "rbf", "probability": true, "tol": 0.01}
05/03/2023 09:52:41 PM Accuracy (svc): 0.6459731543624161
05/03/2023 09:52:41 PM F1 Score (svc): 0.5306555366174542
05/03/2023 09:52:41 PM Confusion Matrix: (svc): 
[[  53    0  912]
 [  10    0  297]
 [  47    0 2257]]
05/03/2023 09:52:41 PM Classification report: (svc): 
              precision    recall  f1-score   support

           0       0.48      0.05      0.10       965
           1       0.00      0.00      0.00       307
           2       0.65      0.98      0.78      2304

    accuracy                           0.65      3576
   macro avg       0.38      0.34      0.29      3576
weighted avg       0.55      0.65      0.53      3576

05/03/2023 09:52:44 PM AUC: 0.5656175166579986
