05/07/2023 08:27:04 AM Sorting iesc_child audio files by 3 emotions
05/07/2023 09:44:41 PM Normalizing dataset using MinMaxScaler
05/07/2023 09:44:41 PM Split train and validation dataset (80% - 20%)
05/07/2023 09:44:43 PM Selected features [32] (svc): Loudness_sma3, alphaRatio_sma3, hammarbergIndex_sma3, slope0-500_sma3, slope500-1500_sma3, spectralFlux_sma3, mfcc1_sma3, mfcc2_sma3, mfcc3_sma3, mfcc4_sma3, F0semitoneFrom27.5Hz_sma3nz, jitterLocal_sma3nz, shimmerLocaldB_sma3nz, HNRdBACF_sma3nz, logRelF0-H1-H2_sma3nz, logRelF0-H1-A3_sma3nz, F1frequency_sma3nz, F1bandwidth_sma3nz, F1amplitudeLogRelF0_sma3nz, F2frequency_sma3nz, F2bandwidth_sma3nz, F2amplitudeLogRelF0_sma3nz, F3frequency_sma3nz, F3bandwidth_sma3nz, F3amplitudeLogRelF0_sma3nz, pcm_zcr_sma, pcm_RMSenergy_sma, pcm_fftMag_spectralCentroid_sma, pcm_fftMag_spectralRollOff25.0_sma, pcm_fftMag_spectralRollOff50.0_sma, pcm_fftMag_spectralRollOff75.0_sma, pcm_fftMag_spectralRollOff90.0_sma
05/07/2023 09:47:37 PM Best hyper parameters (svc): {"C": 1, "cache_size": 4096, "gamma": "scale", "kernel": "poly", "probability": true, "tol": 0.01}
05/07/2023 09:47:37 PM Accuracy (svc): 0.6493349455864571
05/07/2023 09:47:37 PM F1 Score (svc): 0.5642063350885405
05/07/2023 09:47:37 PM Confusion Matrix: (svc): 
[[ 66   3  67]
 [  9   8 189]
 [ 17   5 463]]
05/07/2023 09:47:37 PM Classification report: (svc): 
              precision    recall  f1-score   support

           0       0.72      0.49      0.58       136
           1       0.50      0.04      0.07       206
           2       0.64      0.95      0.77       485

    accuracy                           0.65       827
   macro avg       0.62      0.49      0.47       827
weighted avg       0.62      0.65      0.56       827

05/07/2023 09:47:37 PM AUC: 0.7433332370511089
