05/04/2023 09:04:41 PM Sorting iesc_child audio files by 3 emotions
05/04/2023 09:04:41 PM Normalizing dataset using MinMaxScaler
05/04/2023 09:04:41 PM Split train and validation dataset (70% - 30%)
05/04/2023 09:05:12 PM Selected features [26] (svc): Loudness_sma3, alphaRatio_sma3, hammarbergIndex_sma3, slope500-1500_sma3, spectralFlux_sma3, mfcc1_sma3, mfcc3_sma3, mfcc4_sma3, F0semitoneFrom27.5Hz_sma3nz, jitterLocal_sma3nz, shimmerLocaldB_sma3nz, logRelF0-H1-H2_sma3nz, logRelF0-H1-A3_sma3nz, F1frequency_sma3nz, F1bandwidth_sma3nz, F2frequency_sma3nz, F2amplitudeLogRelF0_sma3nz, F3frequency_sma3nz, F3bandwidth_sma3nz, F3amplitudeLogRelF0_sma3nz, pcm_zcr_sma, pcm_RMSenergy_sma, pcm_fftMag_spectralCentroid_sma, pcm_fftMag_spectralRollOff25.0_sma, pcm_fftMag_spectralRollOff50.0_sma, pcm_fftMag_spectralRollOff75.0_sma
05/05/2023 12:21:25 AM Best hyper parameters (svc): {"C": 1, "cache_size": 4096, "gamma": "scale", "kernel": "poly", "probability": true, "tol": 0.01}
05/05/2023 12:21:28 AM Accuracy (svc): 0.4487322893363162
05/05/2023 12:21:28 AM F1 Score (svc): 0.4758229829822905
05/05/2023 12:21:28 AM Confusion Matrix: (svc): 
[[ 910  301  251]
 [ 107  241  118]
 [1127 1053 1256]]
05/05/2023 12:21:28 AM Classification report: (svc): 
              precision    recall  f1-score   support

           0       0.42      0.62      0.50      1462
           1       0.15      0.52      0.23       466
           2       0.77      0.37      0.50      3436

    accuracy                           0.45      5364
   macro avg       0.45      0.50      0.41      5364
weighted avg       0.62      0.45      0.48      5364

05/05/2023 12:21:30 AM AUC: 0.6696529142508648
